<?xml version="1.0" encoding="UTF-8" ?>
<testsuite failures="0" time="0.653" errors="0" skipped="0" tests="28" name="org.jbehave.mojo.EmbedderMojoBehaviour">
  <properties>
[...]
</properties>
  <testcase time="0.202" classname="org.jbehave.mojo.EmbedderMojoBehaviour" name="shouldCreateNewEmbedderWithDefaultControls"/>
  <testcase time="0.011" classname="org.jbehave.mojo.EmbedderMojoBehaviour" name="shouldCreateNewEmbedderWithGivenControls"/>
  <testcase time="0.02" classname="org.jbehave.mojo.EmbedderMojoBehaviour" name="shouldCreateNewEmbedderWithExecutors"/>
  <testcase time="0.009" classname="org.jbehave.mojo.EmbedderMojoBehaviour" name="shouldCreateNewEmbedderWithMetaFilters"/>
  <testcase time="0.009" classname="org.jbehave.mojo.EmbedderMojoBehaviour" name="shouldCreateNewEmbedderIgnoringNullMetaFilters"/>
  <testcase time="0.023" classname="org.jbehave.mojo.EmbedderMojoBehaviour" name="shouldCreateNewEmbedderWithMavenMonitor"/>
  <testcase time="0.008" classname="org.jbehave.mojo.EmbedderMojoBehaviour" name="shouldCreateNewEmbedderWithSystemProperties"/>
  <testcase time="0.007" classname="org.jbehave.mojo.EmbedderMojoBehaviour" name="shouldAllowTestScopedSearchDirectory"/>
  <testcase time="0.007" classname="org.jbehave.mojo.EmbedderMojoBehaviour" name="shouldAllowTestScopedClasspathElements"/>
  <testcase time="0.009" classname="org.jbehave.mojo.EmbedderMojoBehaviour" name="shouldAllowSpecificationOfEmbedderClass"/>
  <testcase time="0.009" classname="org.jbehave.mojo.EmbedderMojoBehaviour" name="shouldAllowSpecificationOfInjectableEmbedderClass"/>
  <testcase time="0.008" classname="org.jbehave.mojo.EmbedderMojoBehaviour" name="shouldAllowSpecificationOfStoryFinderClass"/>
  <testcase time="0.016" classname="org.jbehave.mojo.EmbedderMojoBehaviour" name="shouldMapStoriesAsEmbeddables"/>
  <testcase time="0.012" classname="org.jbehave.mojo.EmbedderMojoBehaviour" name="shouldReportFailuresInMappingStoriesAsEmbeddables"/>
  <testcase time="0.008" classname="org.jbehave.mojo.EmbedderMojoBehaviour" name="shouldMapStoriesAsPaths"/>
  <testcase time="0.008" classname="org.jbehave.mojo.EmbedderMojoBehaviour" name="shouldReportFailuresInMappingStoriesAsPaths"/>
  <testcase time="0.006" classname="org.jbehave.mojo.EmbedderMojoBehaviour" name="shouldGenerateStoriesView"/>
  <testcase time="0.006" classname="org.jbehave.mojo.EmbedderMojoBehaviour" name="shouldReportStepdocs"/>
  <testcase time="0.006" classname="org.jbehave.mojo.EmbedderMojoBehaviour" name="shouldReportFailuresWhenReportingStepdocs"/>
  <testcase time="0.011" classname="org.jbehave.mojo.EmbedderMojoBehaviour" name="shouldRunStoriesAsEmbeddables"/>
  <testcase time="0.008" classname="org.jbehave.mojo.EmbedderMojoBehaviour" name="shouldReportFailuresInRunningStoriesAsEmbeddables"/>
  <testcase time="0.009" classname="org.jbehave.mojo.EmbedderMojoBehaviour" name="shouldRunStoriesAsPaths"/>
  <testcase time="0.008" classname="org.jbehave.mojo.EmbedderMojoBehaviour" name="shouldReportFailuresInRunningStoriesAsPaths"/>
  <testcase time="0.006" classname="org.jbehave.mojo.EmbedderMojoBehaviour" name="shouldRunStoriesWithAnnotatedEmbedderRunner"/>
  <testcase time="0.008" classname="org.jbehave.mojo.EmbedderMojoBehaviour" name="shouldReportFailuresInRunningStoriesWithAnnotatedEmbedderRunner"/>
  <testcase time="0.107" classname="org.jbehave.mojo.EmbedderMojoBehaviour" name="shouldUnpackViewResources"/>
  <testcase time="0.029" classname="org.jbehave.mojo.EmbedderMojoBehaviour" name="shouldNotUnpackViewResourcesThatDoNotMatchTheFilters"/>
  <testcase time="0.042" classname="org.jbehave.mojo.EmbedderMojoBehaviour" name="shouldNotIgnoreFailureInUnpackingViewResources"/>
</testsuite>