<?xml version="1.0" encoding="UTF-8" ?>
<testsuite failures="0" time="0.534" errors="0" skipped="0" tests="16" name="org.jbehave.ant.EmbedderTaskBehaviour">
  <properties>
[...]
</properties>
  <testcase time="0.251" classname="org.jbehave.ant.EmbedderTaskBehaviour" name="shouldCreateNewEmbedderWithDefaultControls"/>
  <testcase time="0.015" classname="org.jbehave.ant.EmbedderTaskBehaviour" name="shouldCreateNewEmbedderWithGivenControls"/>
  <testcase time="0.097" classname="org.jbehave.ant.EmbedderTaskBehaviour" name="shouldCreateNewEmbedderWithAntMonitor"/>
  <testcase time="0.014" classname="org.jbehave.ant.EmbedderTaskBehaviour" name="shouldCreateNewEmbedderWithSystemProperties"/>
  <testcase time="0.017" classname="org.jbehave.ant.EmbedderTaskBehaviour" name="shouldAllowTestScopedSearchDirectory"/>
  <testcase time="0.011" classname="org.jbehave.ant.EmbedderTaskBehaviour" name="shouldAllowSpecificationOfEmbedderClass"/>
  <testcase time="0.011" classname="org.jbehave.ant.EmbedderTaskBehaviour" name="shouldCreateNewEmbedderWithExecutors"/>
  <testcase time="0.011" classname="org.jbehave.ant.EmbedderTaskBehaviour" name="shouldAllowSpecificationOfInjectableEmbedderClass"/>
  <testcase time="0.007" classname="org.jbehave.ant.EmbedderTaskBehaviour" name="shouldAllowSpecificationOfStoryFinderClass"/>
  <testcase time="0.019" classname="org.jbehave.ant.EmbedderTaskBehaviour" name="shouldMapStoriesAsEmbeddables"/>
  <testcase time="0.009" classname="org.jbehave.ant.EmbedderTaskBehaviour" name="shouldMapStoriesAsPaths"/>
  <testcase time="0.007" classname="org.jbehave.ant.EmbedderTaskBehaviour" name="shouldGenerateStoriesView"/>
  <testcase time="0.006" classname="org.jbehave.ant.EmbedderTaskBehaviour" name="shouldReportStepdocs"/>
  <testcase time="0.008" classname="org.jbehave.ant.EmbedderTaskBehaviour" name="shouldRunStoriesAsEmbeddables"/>
  <testcase time="0.009" classname="org.jbehave.ant.EmbedderTaskBehaviour" name="shouldRunStoriesAsPaths"/>
  <testcase time="0.008" classname="org.jbehave.ant.EmbedderTaskBehaviour" name="shouldRunStoriesWithAnnotatedEmbedderRunner"/>
</testsuite>